<?xml version="1.0" encoding="UTF-8"?>
<!-- Generated by org.testng.reporters.JUnitReportReporter -->
<testsuite hostname="DESKTOP-2P6A9NL" failures="0" tests="1" name="pujithaselenium.MavenProject.InvokeBrowser" time="3.985" errors="0" timestamp="2021-03-12T11:56:40 GMT" skipped="0">
  <testcase classname="pujithaselenium.MavenProject.InvokeBrowser" name="Browseropen" time="3.985"/>
  <system-out/>
</testsuite> <!-- pujithaselenium.MavenProject.InvokeBrowser -->
