<?xml version="1.0" encoding="UTF-8"?>
<!-- Generated by org.testng.reporters.JUnitReportReporter -->
<testsuite hostname="DESKTOP-2P6A9NL" failures="0" tests="1" name="pujithaselenium.MavenProject.TitleValidation" time="0.450" errors="0" timestamp="2021-03-17T17:07:55 GMT" skipped="0">
  <testcase classname="pujithaselenium.MavenProject.TitleValidation" name="Validation" time="0.450"/>
  <system-out/>
</testsuite> <!-- pujithaselenium.MavenProject.TitleValidation -->
