<?xml version="1.0" encoding="UTF-8"?>
<!-- Generated by org.testng.reporters.JUnitReportReporter -->
<testsuite hostname="DESKTOP-2P6A9NL" failures="0" tests="1" name="pujithaselenium.MavenProject.HomePageTC" time="10.786" errors="0" timestamp="2021-03-12T12:09:21 GMT" skipped="0">
  <testcase classname="pujithaselenium.MavenProject.HomePageTC" name="Browseropen" time="10.786"/>
  <system-out/>
</testsuite> <!-- pujithaselenium.MavenProject.HomePageTC -->
