<?xml version="1.0" encoding="UTF-8"?>
<!-- Generated by org.testng.reporters.JUnitReportReporter -->
<testsuite hostname="DESKTOP-2P6A9NL" failures="0" tests="1" name="Log4J.Test1" time="6.195" errors="0" timestamp="2021-03-11T21:41:40 GMT" skipped="0">
  <testcase classname="Log4J.Test1" name="test" time="6.195"/>
  <system-out/>
</testsuite> <!-- Log4J.Test1 -->
