<?xml version="1.0" encoding="UTF-8"?>
<!-- Generated by org.testng.reporters.JUnitReportReporter -->
<testsuite hostname="DESKTOP-2P6A9NL" failures="0" tests="1" name="ExtentReports.Extentreports" time="5.795" errors="0" timestamp="2021-03-11T21:34:49 GMT" skipped="0">
  <testcase classname="ExtentReports.Extentreports" name="test" time="5.795"/>
  <system-out/>
</testsuite> <!-- ExtentReports.Extentreports -->
