<?xml version="1.0" encoding="UTF-8"?>
<!-- Generated by org.testng.reporters.JUnitReportReporter -->
<testsuite hostname="DESKTOP-2P6A9NL" failures="0" tests="1" name="pujithaselenium.Mavenjava.SecondTest" time="0.011" errors="0" timestamp="2021-03-11T21:41:40 GMT" skipped="0">
  <testcase classname="pujithaselenium.Mavenjava.SecondTest" name="sum" time="0.011"/>
  <system-out/>
</testsuite> <!-- pujithaselenium.Mavenjava.SecondTest -->
