<?xml version="1.0" encoding="UTF-8"?>
<!-- Generated by org.testng.reporters.JUnitReportReporter -->
<testsuite hostname="DESKTOP-2P6A9NL" failures="0" tests="2" name="pujithaselenium.Mavenjava.FirstTest" time="0.004" errors="0" timestamp="2021-03-11T21:41:40 GMT" skipped="0">
  <testcase classname="pujithaselenium.Mavenjava.FirstTest" name="test2" time="0.002"/>
  <system-out/>
  <testcase classname="pujithaselenium.Mavenjava.FirstTest" name="test1" time="0.002"/>
  <system-out/>
</testsuite> <!-- pujithaselenium.Mavenjava.FirstTest -->
