<?xml version="1.0" encoding="UTF-8"?>
<!-- Generated by org.testng.reporters.JUnitReportReporter -->
<testsuite skipped="0" hostname="DESKTOP-2P6A9NL" name="Log4J.Test1" tests="1" failures="0" timestamp="2021-03-11T21:58:18 GMT" time="6.103" errors="0">
  <testcase name="test" time="6.103" classname="Log4J.Test1"/>
  <system-out/>
</testsuite> <!-- Log4J.Test1 -->
