<?xml version="1.0" encoding="UTF-8"?>
<!-- Generated by org.testng.reporters.JUnitReportReporter -->
<testsuite skipped="0" hostname="DESKTOP-2P6A9NL" name="pujithaselenium.Mavenjava.SecondTest" tests="1" failures="0" timestamp="2021-03-11T21:58:18 GMT" time="0.000" errors="0">
  <testcase name="sum" time="0.000" classname="pujithaselenium.Mavenjava.SecondTest"/>
  <system-out/>
</testsuite> <!-- pujithaselenium.Mavenjava.SecondTest -->
