<?xml version="1.0" encoding="UTF-8"?>
<!-- Generated by org.testng.reporters.JUnitReportReporter -->
<testsuite skipped="0" hostname="DESKTOP-2P6A9NL" name="pujithaselenium.MavenProject.TitleValidation" tests="1" failures="0" timestamp="2021-03-12T13:44:50 GMT" time="0.320" errors="0">
  <testcase name="Validation" time="0.320" classname="pujithaselenium.MavenProject.TitleValidation"/>
  <system-out/>
</testsuite> <!-- pujithaselenium.MavenProject.TitleValidation -->
