<?xml version="1.0" encoding="UTF-8"?>
<!-- Generated by org.testng.reporters.JUnitReportReporter -->
<testsuite skipped="0" hostname="DESKTOP-2P6A9NL" name="pujithaselenium.MavenProject.LoginPageTC" tests="3" failures="0" timestamp="2021-03-12T13:44:50 GMT" time="26.340" errors="0">
  <testcase name="AccountVerification" time="10.248" classname="pujithaselenium.MavenProject.LoginPageTC"/>
  <system-out/>
  <testcase name="AccountVerification" time="10.488" classname="pujithaselenium.MavenProject.LoginPageTC"/>
  <system-out/>
  <testcase name="AccountVerification" time="5.604" classname="pujithaselenium.MavenProject.LoginPageTC"/>
  <system-out/>
</testsuite> <!-- pujithaselenium.MavenProject.LoginPageTC -->
